-------------------------------------------------------------------------------
Test set: cn.chenzw.simple_axis2.ws.TestWeatherWs
-------------------------------------------------------------------------------
Tests run: 3, Failures: 3, Errors: 0, Skipped: 0, Time elapsed: 2.219 sec <<< FAILURE!
cn.chenzw.simple_axis2.ws.TestWeatherWs.testComplexObje()  Time elapsed: 1.781 sec  <<< FAILURE!
org.apache.axis2.AxisFault: Transport error: 404 Error: Not Found
	at org.apache.axis2.transport.http.HTTPSender.handleResponse(HTTPSender.java:310)
	at org.apache.axis2.transport.http.HTTPSender.sendViaPost(HTTPSender.java:194)
	at org.apache.axis2.transport.http.HTTPSender.send(HTTPSender.java:75)
	at org.apache.axis2.transport.http.CommonsHTTPTransportSender.writeMessageWithCommons(CommonsHTTPTransportSender.java:404)
	at org.apache.axis2.transport.http.CommonsHTTPTransportSender.invoke(CommonsHTTPTransportSender.java:231)
	at org.apache.axis2.engine.AxisEngine.send(AxisEngine.java:443)
	at org.apache.axis2.description.OutInAxisOperationClient.send(OutInAxisOperation.java:406)
	at org.apache.axis2.description.OutInAxisOperationClient.executeImpl(OutInAxisOperation.java:229)
	at org.apache.axis2.client.OperationClient.execute(OperationClient.java:165)
	at org.apache.axis2.client.ServiceClient.sendReceive(ServiceClient.java:555)
	at org.apache.axis2.client.ServiceClient.sendReceive(ServiceClient.java:531)
	at org.apache.axis2.rpc.client.RPCServiceClient.invokeBlocking(RPCServiceClient.java:102)
	at cn.chenzw.simple_axis2.ws.TestWeatherWs.testComplexObje(TestWeatherWs.java:119)

cn.chenzw.simple_axis2.ws.TestWeatherWs.testArgsAndReturnObj()  Time elapsed: 0.223 sec  <<< FAILURE!
org.apache.axis2.AxisFault: Transport error: 404 Error: Not Found
	at org.apache.axis2.transport.http.HTTPSender.handleResponse(HTTPSender.java:310)
	at org.apache.axis2.transport.http.HTTPSender.sendViaPost(HTTPSender.java:194)
	at org.apache.axis2.transport.http.HTTPSender.send(HTTPSender.java:75)
	at org.apache.axis2.transport.http.CommonsHTTPTransportSender.writeMessageWithCommons(CommonsHTTPTransportSender.java:404)
	at org.apache.axis2.transport.http.CommonsHTTPTransportSender.invoke(CommonsHTTPTransportSender.java:231)
	at org.apache.axis2.engine.AxisEngine.send(AxisEngine.java:443)
	at org.apache.axis2.description.OutInAxisOperationClient.send(OutInAxisOperation.java:406)
	at org.apache.axis2.description.OutInAxisOperationClient.executeImpl(OutInAxisOperation.java:229)
	at org.apache.axis2.client.OperationClient.execute(OperationClient.java:165)
	at org.apache.axis2.client.ServiceClient.sendReceive(ServiceClient.java:555)
	at org.apache.axis2.client.ServiceClient.sendReceive(ServiceClient.java:531)
	at org.apache.axis2.rpc.client.RPCServiceClient.invokeBlocking(RPCServiceClient.java:102)
	at cn.chenzw.simple_axis2.ws.TestWeatherWs.testArgsAndReturnObj(TestWeatherWs.java:54)

cn.chenzw.simple_axis2.ws.TestWeatherWs.testReturnList()  Time elapsed: 0.207 sec  <<< FAILURE!
org.apache.axis2.AxisFault: Transport error: 404 Error: Not Found
	at org.apache.axis2.transport.http.HTTPSender.handleResponse(HTTPSender.java:310)
	at org.apache.axis2.transport.http.HTTPSender.sendViaPost(HTTPSender.java:194)
	at org.apache.axis2.transport.http.HTTPSender.send(HTTPSender.java:75)
	at org.apache.axis2.transport.http.CommonsHTTPTransportSender.writeMessageWithCommons(CommonsHTTPTransportSender.java:404)
	at org.apache.axis2.transport.http.CommonsHTTPTransportSender.invoke(CommonsHTTPTransportSender.java:231)
	at org.apache.axis2.engine.AxisEngine.send(AxisEngine.java:443)
	at org.apache.axis2.description.OutInAxisOperationClient.send(OutInAxisOperation.java:406)
	at org.apache.axis2.description.OutInAxisOperationClient.executeImpl(OutInAxisOperation.java:229)
	at org.apache.axis2.client.OperationClient.execute(OperationClient.java:165)
	at org.apache.axis2.client.ServiceClient.sendReceive(ServiceClient.java:555)
	at org.apache.axis2.client.ServiceClient.sendReceive(ServiceClient.java:531)
	at org.apache.axis2.rpc.client.RPCServiceClient.invokeBlocking(RPCServiceClient.java:102)
	at cn.chenzw.simple_axis2.ws.TestWeatherWs.testReturnList(TestWeatherWs.java:79)

