<?xml version="1.0" encoding="UTF-8" ?>
<testsuite failures="3" time="2.211" errors="0" skipped="0" tests="3" name="cn.chenzw.simple_axis2.ws.TestWeatherWs">
  <properties>
[...]
</properties>
  <testcase time="1.781" classname="cn.chenzw.simple_axis2.ws.TestWeatherWs" name="cn.chenzw.simple_axis2.ws.TestWeatherWs.testComplexObje">
    <failure message="Transport error: 404 Error: Not Found" type="org.apache.axis2.AxisFault">org.apache.axis2.AxisFault: Transport error: 404 Error: Not Found
	at org.apache.axis2.transport.http.HTTPSender.handleResponse(HTTPSender.java:310)
	at org.apache.axis2.transport.http.HTTPSender.sendViaPost(HTTPSender.java:194)
	at org.apache.axis2.transport.http.HTTPSender.send(HTTPSender.java:75)
	at org.apache.axis2.transport.http.CommonsHTTPTransportSender.writeMessageWithCommons(CommonsHTTPTransportSender.java:404)
	at org.apache.axis2.transport.http.CommonsHTTPTransportSender.invoke(CommonsHTTPTransportSender.java:231)
	at org.apache.axis2.engine.AxisEngine.send(AxisEngine.java:443)
	at org.apache.axis2.description.OutInAxisOperationClient.send(OutInAxisOperation.java:406)
	at org.apache.axis2.description.OutInAxisOperationClient.executeImpl(OutInAxisOperation.java:229)
	at org.apache.axis2.client.OperationClient.execute(OperationClient.java:165)
	at org.apache.axis2.client.ServiceClient.sendReceive(ServiceClient.java:555)
	at org.apache.axis2.client.ServiceClient.sendReceive(ServiceClient.java:531)
	at org.apache.axis2.rpc.client.RPCServiceClient.invokeBlocking(RPCServiceClient.java:102)
	at cn.chenzw.simple_axis2.ws.TestWeatherWs.testComplexObje(TestWeatherWs.java:119)
</failure>
    <system-err>一月 20, 2017 2:47:40 下午 org.apache.axis2.deployment.ModuleDeployer deploy
信息: Deploying module: addressing-1.6.2 - file:/C:/Users/chenzw/.m2/repository/org/apache/axis2/axis2/1.6.2/axis2-1.6.2.jar
一月 20, 2017 2:47:40 下午 org.apache.axis2.transport.http.HTTPSender sendViaPost
信息: Unable to sendViaPost to url[http://localhost:8989/simple-axis2/services/weatherService]
org.apache.axis2.AxisFault: Transport error: 404 Error: Not Found
	at org.apache.axis2.transport.http.HTTPSender.handleResponse(HTTPSender.java:310)
	at org.apache.axis2.transport.http.HTTPSender.sendViaPost(HTTPSender.java:194)
	at org.apache.axis2.transport.http.HTTPSender.send(HTTPSender.java:75)
	at org.apache.axis2.transport.http.CommonsHTTPTransportSender.writeMessageWithCommons(CommonsHTTPTransportSender.java:404)
	at org.apache.axis2.transport.http.CommonsHTTPTransportSender.invoke(CommonsHTTPTransportSender.java:231)
	at org.apache.axis2.engine.AxisEngine.send(AxisEngine.java:443)
	at org.apache.axis2.description.OutInAxisOperationClient.send(OutInAxisOperation.java:406)
	at org.apache.axis2.description.OutInAxisOperationClient.executeImpl(OutInAxisOperation.java:229)
	at org.apache.axis2.client.OperationClient.execute(OperationClient.java:165)
	at org.apache.axis2.client.ServiceClient.sendReceive(ServiceClient.java:555)
	at org.apache.axis2.client.ServiceClient.sendReceive(ServiceClient.java:531)
	at org.apache.axis2.rpc.client.RPCServiceClient.invokeBlocking(RPCServiceClient.java:102)
	at cn.chenzw.simple_axis2.ws.TestWeatherWs.testComplexObje(TestWeatherWs.java:119)
	at sun.reflect.NativeMethodAccessorImpl.invoke0(Native Method)
	at sun.reflect.NativeMethodAccessorImpl.invoke(NativeMethodAccessorImpl.java:57)
	at sun.reflect.DelegatingMethodAccessorImpl.invoke(DelegatingMethodAccessorImpl.java:43)
	at java.lang.reflect.Method.invoke(Method.java:606)
	at org.apache.maven.surefire.junit.PojoTestSet.executeTestMethod(PojoTestSet.java:151)
	at org.apache.maven.surefire.junit.PojoTestSet.executeTestMethods(PojoTestSet.java:102)
	at org.apache.maven.surefire.junit.PojoTestSet.execute(PojoTestSet.java:83)
	at org.apache.maven.surefire.junit.JUnit3Provider.executeTestSet(JUnit3Provider.java:121)
	at org.apache.maven.surefire.junit.JUnit3Provider.invoke(JUnit3Provider.java:98)
	at sun.reflect.NativeMethodAccessorImpl.invoke0(Native Method)
	at sun.reflect.NativeMethodAccessorImpl.invoke(NativeMethodAccessorImpl.java:57)
	at sun.reflect.DelegatingMethodAccessorImpl.invoke(DelegatingMethodAccessorImpl.java:43)
	at java.lang.reflect.Method.invoke(Method.java:606)
	at org.apache.maven.surefire.util.ReflectionUtils.invokeMethodWithArray(ReflectionUtils.java:189)
	at org.apache.maven.surefire.booter.ProviderFactory$ProviderProxy.invoke(ProviderFactory.java:165)
	at org.apache.maven.surefire.booter.ProviderFactory.invokeProvider(ProviderFactory.java:85)
	at org.apache.maven.surefire.booter.ForkedBooter.runSuitesInProcess(ForkedBooter.java:115)
	at org.apache.maven.surefire.booter.ForkedBooter.main(ForkedBooter.java:75)

</system-err>
  </testcase>
  <testcase time="0.223" classname="cn.chenzw.simple_axis2.ws.TestWeatherWs" name="cn.chenzw.simple_axis2.ws.TestWeatherWs.testArgsAndReturnObj">
    <failure message="Transport error: 404 Error: Not Found" type="org.apache.axis2.AxisFault">org.apache.axis2.AxisFault: Transport error: 404 Error: Not Found
	at org.apache.axis2.transport.http.HTTPSender.handleResponse(HTTPSender.java:310)
	at org.apache.axis2.transport.http.HTTPSender.sendViaPost(HTTPSender.java:194)
	at org.apache.axis2.transport.http.HTTPSender.send(HTTPSender.java:75)
	at org.apache.axis2.transport.http.CommonsHTTPTransportSender.writeMessageWithCommons(CommonsHTTPTransportSender.java:404)
	at org.apache.axis2.transport.http.CommonsHTTPTransportSender.invoke(CommonsHTTPTransportSender.java:231)
	at org.apache.axis2.engine.AxisEngine.send(AxisEngine.java:443)
	at org.apache.axis2.description.OutInAxisOperationClient.send(OutInAxisOperation.java:406)
	at org.apache.axis2.description.OutInAxisOperationClient.executeImpl(OutInAxisOperation.java:229)
	at org.apache.axis2.client.OperationClient.execute(OperationClient.java:165)
	at org.apache.axis2.client.ServiceClient.sendReceive(ServiceClient.java:555)
	at org.apache.axis2.client.ServiceClient.sendReceive(ServiceClient.java:531)
	at org.apache.axis2.rpc.client.RPCServiceClient.invokeBlocking(RPCServiceClient.java:102)
	at cn.chenzw.simple_axis2.ws.TestWeatherWs.testArgsAndReturnObj(TestWeatherWs.java:54)
</failure>
    <system-err>一月 20, 2017 2:47:41 下午 org.apache.axis2.deployment.ModuleDeployer deploy
信息: Deploying module: addressing-1.6.2 - file:/C:/Users/chenzw/.m2/repository/org/apache/axis2/axis2/1.6.2/axis2-1.6.2.jar
一月 20, 2017 2:47:41 下午 org.apache.axis2.transport.http.HTTPSender sendViaPost
信息: Unable to sendViaPost to url[http://localhost:8989/simple-axis2/services/weatherService]
org.apache.axis2.AxisFault: Transport error: 404 Error: Not Found
	at org.apache.axis2.transport.http.HTTPSender.handleResponse(HTTPSender.java:310)
	at org.apache.axis2.transport.http.HTTPSender.sendViaPost(HTTPSender.java:194)
	at org.apache.axis2.transport.http.HTTPSender.send(HTTPSender.java:75)
	at org.apache.axis2.transport.http.CommonsHTTPTransportSender.writeMessageWithCommons(CommonsHTTPTransportSender.java:404)
	at org.apache.axis2.transport.http.CommonsHTTPTransportSender.invoke(CommonsHTTPTransportSender.java:231)
	at org.apache.axis2.engine.AxisEngine.send(AxisEngine.java:443)
	at org.apache.axis2.description.OutInAxisOperationClient.send(OutInAxisOperation.java:406)
	at org.apache.axis2.description.OutInAxisOperationClient.executeImpl(OutInAxisOperation.java:229)
	at org.apache.axis2.client.OperationClient.execute(OperationClient.java:165)
	at org.apache.axis2.client.ServiceClient.sendReceive(ServiceClient.java:555)
	at org.apache.axis2.client.ServiceClient.sendReceive(ServiceClient.java:531)
	at org.apache.axis2.rpc.client.RPCServiceClient.invokeBlocking(RPCServiceClient.java:102)
	at cn.chenzw.simple_axis2.ws.TestWeatherWs.testArgsAndReturnObj(TestWeatherWs.java:54)
	at sun.reflect.NativeMethodAccessorImpl.invoke0(Native Method)
	at sun.reflect.NativeMethodAccessorImpl.invoke(NativeMethodAccessorImpl.java:57)
	at sun.reflect.DelegatingMethodAccessorImpl.invoke(DelegatingMethodAccessorImpl.java:43)
	at java.lang.reflect.Method.invoke(Method.java:606)
	at org.apache.maven.surefire.junit.PojoTestSet.executeTestMethod(PojoTestSet.java:151)
	at org.apache.maven.surefire.junit.PojoTestSet.executeTestMethods(PojoTestSet.java:102)
	at org.apache.maven.surefire.junit.PojoTestSet.execute(PojoTestSet.java:83)
	at org.apache.maven.surefire.junit.JUnit3Provider.executeTestSet(JUnit3Provider.java:121)
	at org.apache.maven.surefire.junit.JUnit3Provider.invoke(JUnit3Provider.java:98)
	at sun.reflect.NativeMethodAccessorImpl.invoke0(Native Method)
	at sun.reflect.NativeMethodAccessorImpl.invoke(NativeMethodAccessorImpl.java:57)
	at sun.reflect.DelegatingMethodAccessorImpl.invoke(DelegatingMethodAccessorImpl.java:43)
	at java.lang.reflect.Method.invoke(Method.java:606)
	at org.apache.maven.surefire.util.ReflectionUtils.invokeMethodWithArray(ReflectionUtils.java:189)
	at org.apache.maven.surefire.booter.ProviderFactory$ProviderProxy.invoke(ProviderFactory.java:165)
	at org.apache.maven.surefire.booter.ProviderFactory.invokeProvider(ProviderFactory.java:85)
	at org.apache.maven.surefire.booter.ForkedBooter.runSuitesInProcess(ForkedBooter.java:115)
	at org.apache.maven.surefire.booter.ForkedBooter.main(ForkedBooter.java:75)

</system-err>
  </testcase>
  <testcase time="0.207" classname="cn.chenzw.simple_axis2.ws.TestWeatherWs" name="cn.chenzw.simple_axis2.ws.TestWeatherWs.testReturnList">
    <failure message="Transport error: 404 Error: Not Found" type="org.apache.axis2.AxisFault">org.apache.axis2.AxisFault: Transport error: 404 Error: Not Found
	at org.apache.axis2.transport.http.HTTPSender.handleResponse(HTTPSender.java:310)
	at org.apache.axis2.transport.http.HTTPSender.sendViaPost(HTTPSender.java:194)
	at org.apache.axis2.transport.http.HTTPSender.send(HTTPSender.java:75)
	at org.apache.axis2.transport.http.CommonsHTTPTransportSender.writeMessageWithCommons(CommonsHTTPTransportSender.java:404)
	at org.apache.axis2.transport.http.CommonsHTTPTransportSender.invoke(CommonsHTTPTransportSender.java:231)
	at org.apache.axis2.engine.AxisEngine.send(AxisEngine.java:443)
	at org.apache.axis2.description.OutInAxisOperationClient.send(OutInAxisOperation.java:406)
	at org.apache.axis2.description.OutInAxisOperationClient.executeImpl(OutInAxisOperation.java:229)
	at org.apache.axis2.client.OperationClient.execute(OperationClient.java:165)
	at org.apache.axis2.client.ServiceClient.sendReceive(ServiceClient.java:555)
	at org.apache.axis2.client.ServiceClient.sendReceive(ServiceClient.java:531)
	at org.apache.axis2.rpc.client.RPCServiceClient.invokeBlocking(RPCServiceClient.java:102)
	at cn.chenzw.simple_axis2.ws.TestWeatherWs.testReturnList(TestWeatherWs.java:79)
</failure>
    <system-err>一月 20, 2017 2:47:41 下午 org.apache.axis2.deployment.ModuleDeployer deploy
信息: Deploying module: addressing-1.6.2 - file:/C:/Users/chenzw/.m2/repository/org/apache/axis2/axis2/1.6.2/axis2-1.6.2.jar
一月 20, 2017 2:47:41 下午 org.apache.axis2.transport.http.HTTPSender sendViaPost
信息: Unable to sendViaPost to url[http://localhost:8989/simple-axis2/services/weatherService]
org.apache.axis2.AxisFault: Transport error: 404 Error: Not Found
	at org.apache.axis2.transport.http.HTTPSender.handleResponse(HTTPSender.java:310)
	at org.apache.axis2.transport.http.HTTPSender.sendViaPost(HTTPSender.java:194)
	at org.apache.axis2.transport.http.HTTPSender.send(HTTPSender.java:75)
	at org.apache.axis2.transport.http.CommonsHTTPTransportSender.writeMessageWithCommons(CommonsHTTPTransportSender.java:404)
	at org.apache.axis2.transport.http.CommonsHTTPTransportSender.invoke(CommonsHTTPTransportSender.java:231)
	at org.apache.axis2.engine.AxisEngine.send(AxisEngine.java:443)
	at org.apache.axis2.description.OutInAxisOperationClient.send(OutInAxisOperation.java:406)
	at org.apache.axis2.description.OutInAxisOperationClient.executeImpl(OutInAxisOperation.java:229)
	at org.apache.axis2.client.OperationClient.execute(OperationClient.java:165)
	at org.apache.axis2.client.ServiceClient.sendReceive(ServiceClient.java:555)
	at org.apache.axis2.client.ServiceClient.sendReceive(ServiceClient.java:531)
	at org.apache.axis2.rpc.client.RPCServiceClient.invokeBlocking(RPCServiceClient.java:102)
	at cn.chenzw.simple_axis2.ws.TestWeatherWs.testReturnList(TestWeatherWs.java:79)
	at sun.reflect.NativeMethodAccessorImpl.invoke0(Native Method)
	at sun.reflect.NativeMethodAccessorImpl.invoke(NativeMethodAccessorImpl.java:57)
	at sun.reflect.DelegatingMethodAccessorImpl.invoke(DelegatingMethodAccessorImpl.java:43)
	at java.lang.reflect.Method.invoke(Method.java:606)
	at org.apache.maven.surefire.junit.PojoTestSet.executeTestMethod(PojoTestSet.java:151)
	at org.apache.maven.surefire.junit.PojoTestSet.executeTestMethods(PojoTestSet.java:102)
	at org.apache.maven.surefire.junit.PojoTestSet.execute(PojoTestSet.java:83)
	at org.apache.maven.surefire.junit.JUnit3Provider.executeTestSet(JUnit3Provider.java:121)
	at org.apache.maven.surefire.junit.JUnit3Provider.invoke(JUnit3Provider.java:98)
	at sun.reflect.NativeMethodAccessorImpl.invoke0(Native Method)
	at sun.reflect.NativeMethodAccessorImpl.invoke(NativeMethodAccessorImpl.java:57)
	at sun.reflect.DelegatingMethodAccessorImpl.invoke(DelegatingMethodAccessorImpl.java:43)
	at java.lang.reflect.Method.invoke(Method.java:606)
	at org.apache.maven.surefire.util.ReflectionUtils.invokeMethodWithArray(ReflectionUtils.java:189)
	at org.apache.maven.surefire.booter.ProviderFactory$ProviderProxy.invoke(ProviderFactory.java:165)
	at org.apache.maven.surefire.booter.ProviderFactory.invokeProvider(ProviderFactory.java:85)
	at org.apache.maven.surefire.booter.ForkedBooter.runSuitesInProcess(ForkedBooter.java:115)
	at org.apache.maven.surefire.booter.ForkedBooter.main(ForkedBooter.java:75)

</system-err>
  </testcase>
</testsuite>